Determining if the pthread_create exist failed with the following output:
Change Dir: /home/dhruv-shah/ros_ws/rover_simulation/autonomous_ws/build/CMakeFiles/CMakeTmp

Run Build Command:"/usr/bin/make" "cmTryCompileExec1737030031/fast"
/usr/bin/make -f CMakeFiles/cmTryCompileExec1737030031.dir/build.make CMakeFiles/cmTryCompileExec1737030031.dir/build
make[1]: Entering directory `/home/dhruv-shah/ros_ws/rover_simulation/autonomous_ws/build/CMakeFiles/CMakeTmp'
/usr/bin/cmake -E cmake_progress_report /home/dhruv-shah/ros_ws/rover_simulation/autonomous_ws/build/CMakeFiles/CMakeTmp/CMakeFiles 1
Building C object CMakeFiles/cmTryCompileExec1737030031.dir/CheckSymbolExists.c.o
/usr/bin/cc    -o CMakeFiles/cmTryCompileExec1737030031.dir/CheckSymbolExists.c.o   -c /home/dhruv-shah/ros_ws/rover_simulation/autonomous_ws/build/CMakeFiles/CMakeTmp/CheckSymbolExists.c
Linking C executable cmTryCompileExec1737030031
/usr/bin/cmake -E cmake_link_script CMakeFiles/cmTryCompileExec1737030031.dir/link.txt --verbose=1
/usr/bin/cc      CMakeFiles/cmTryCompileExec1737030031.dir/CheckSymbolExists.c.o  -o cmTryCompileExec1737030031 -rdynamic 
CMakeFiles/cmTryCompileExec1737030031.dir/CheckSymbolExists.c.o: In function `main':
CheckSymbolExists.c:(.text+0x16): undefined reference to `pthread_create'
collect2: error: ld returned 1 exit status
make[1]: *** [cmTryCompileExec1737030031] Error 1
make[1]: Leaving directory `/home/dhruv-shah/ros_ws/rover_simulation/autonomous_ws/build/CMakeFiles/CMakeTmp'
make: *** [cmTryCompileExec1737030031/fast] Error 2

File /home/dhruv-shah/ros_ws/rover_simulation/autonomous_ws/build/CMakeFiles/CMakeTmp/CheckSymbolExists.c:
/* */
#include <pthread.h>

int main(int argc, char** argv)
{
  (void)argv;
#ifndef pthread_create
  return ((int*)(&pthread_create))[argc];
#else
  (void)argc;
  return 0;
#endif
}

Determining if the function pthread_create exists in the pthreads failed with the following output:
Change Dir: /home/dhruv-shah/ros_ws/rover_simulation/autonomous_ws/build/CMakeFiles/CMakeTmp

Run Build Command:"/usr/bin/make" "cmTryCompileExec127054110/fast"
/usr/bin/make -f CMakeFiles/cmTryCompileExec127054110.dir/build.make CMakeFiles/cmTryCompileExec127054110.dir/build
make[1]: Entering directory `/home/dhruv-shah/ros_ws/rover_simulation/autonomous_ws/build/CMakeFiles/CMakeTmp'
/usr/bin/cmake -E cmake_progress_report /home/dhruv-shah/ros_ws/rover_simulation/autonomous_ws/build/CMakeFiles/CMakeTmp/CMakeFiles 1
Building C object CMakeFiles/cmTryCompileExec127054110.dir/CheckFunctionExists.c.o
/usr/bin/cc   -DCHECK_FUNCTION_EXISTS=pthread_create   -o CMakeFiles/cmTryCompileExec127054110.dir/CheckFunctionExists.c.o   -c /usr/share/cmake-3.1/Modules/CheckFunctionExists.c
Linking C executable cmTryCompileExec127054110
/usr/bin/cmake -E cmake_link_script CMakeFiles/cmTryCompileExec127054110.dir/link.txt --verbose=1
/usr/bin/cc   -DCHECK_FUNCTION_EXISTS=pthread_create   CMakeFiles/cmTryCompileExec127054110.dir/CheckFunctionExists.c.o  -o cmTryCompileExec127054110 -rdynamic -lpthreads 
/usr/bin/ld: cannot find -lpthreads
collect2: error: ld returned 1 exit status
make[1]: Leaving directory `/home/dhruv-shah/ros_ws/rover_simulation/autonomous_ws/build/CMakeFiles/CMakeTmp'
make[1]: *** [cmTryCompileExec127054110] Error 1
make: *** [cmTryCompileExec127054110/fast] Error 2


