Determining if the pthread_create exist failed with the following output:
Change Dir: /home/dhruv-shah/ros_ws/rover_simulation/husky_test/build/CMakeFiles/CMakeTmp

Run Build Command:"/usr/bin/make" "cmTryCompileExec401735788/fast"
/usr/bin/make -f CMakeFiles/cmTryCompileExec401735788.dir/build.make CMakeFiles/cmTryCompileExec401735788.dir/build
make[1]: Entering directory `/home/dhruv-shah/ros_ws/rover_simulation/husky_test/build/CMakeFiles/CMakeTmp'
/usr/bin/cmake -E cmake_progress_report /home/dhruv-shah/ros_ws/rover_simulation/husky_test/build/CMakeFiles/CMakeTmp/CMakeFiles 1
Building C object CMakeFiles/cmTryCompileExec401735788.dir/CheckSymbolExists.c.o
/usr/bin/cc    -o CMakeFiles/cmTryCompileExec401735788.dir/CheckSymbolExists.c.o   -c /home/dhruv-shah/ros_ws/rover_simulation/husky_test/build/CMakeFiles/CMakeTmp/CheckSymbolExists.c
Linking C executable cmTryCompileExec401735788
/usr/bin/cmake -E cmake_link_script CMakeFiles/cmTryCompileExec401735788.dir/link.txt --verbose=1
/usr/bin/cc      CMakeFiles/cmTryCompileExec401735788.dir/CheckSymbolExists.c.o  -o cmTryCompileExec401735788 -rdynamic 
CMakeFiles/cmTryCompileExec401735788.dir/CheckSymbolExists.c.o: In function `main':
CheckSymbolExists.c:(.text+0x16): undefined reference to `pthread_create'
collect2: error: ld returned 1 exit status
make[1]: *** [cmTryCompileExec401735788] Error 1
make[1]: Leaving directory `/home/dhruv-shah/ros_ws/rover_simulation/husky_test/build/CMakeFiles/CMakeTmp'
make: *** [cmTryCompileExec401735788/fast] Error 2

File /home/dhruv-shah/ros_ws/rover_simulation/husky_test/build/CMakeFiles/CMakeTmp/CheckSymbolExists.c:
/* */
#include <pthread.h>

int main(int argc, char** argv)
{
  (void)argv;
#ifndef pthread_create
  return ((int*)(&pthread_create))[argc];
#else
  (void)argc;
  return 0;
#endif
}

Determining if the function pthread_create exists in the pthreads failed with the following output:
Change Dir: /home/dhruv-shah/ros_ws/rover_simulation/husky_test/build/CMakeFiles/CMakeTmp

Run Build Command:"/usr/bin/make" "cmTryCompileExec279255058/fast"
/usr/bin/make -f CMakeFiles/cmTryCompileExec279255058.dir/build.make CMakeFiles/cmTryCompileExec279255058.dir/build
make[1]: Entering directory `/home/dhruv-shah/ros_ws/rover_simulation/husky_test/build/CMakeFiles/CMakeTmp'
/usr/bin/cmake -E cmake_progress_report /home/dhruv-shah/ros_ws/rover_simulation/husky_test/build/CMakeFiles/CMakeTmp/CMakeFiles 1
Building C object CMakeFiles/cmTryCompileExec279255058.dir/CheckFunctionExists.c.o
/usr/bin/cc   -DCHECK_FUNCTION_EXISTS=pthread_create   -o CMakeFiles/cmTryCompileExec279255058.dir/CheckFunctionExists.c.o   -c /usr/share/cmake-3.1/Modules/CheckFunctionExists.c
Linking C executable cmTryCompileExec279255058
/usr/bin/cmake -E cmake_link_script CMakeFiles/cmTryCompileExec279255058.dir/link.txt --verbose=1
/usr/bin/cc   -DCHECK_FUNCTION_EXISTS=pthread_create   CMakeFiles/cmTryCompileExec279255058.dir/CheckFunctionExists.c.o  -o cmTryCompileExec279255058 -rdynamic -lpthreads 
/usr/bin/ld: cannot find -lpthreads
collect2: error: ld returned 1 exit status
make[1]: *** [cmTryCompileExec279255058] Error 1
make[1]: Leaving directory `/home/dhruv-shah/ros_ws/rover_simulation/husky_test/build/CMakeFiles/CMakeTmp'
make: *** [cmTryCompileExec279255058/fast] Error 2


